<?xml version="1.0" encoding="UTF-8"?>
<testng-results ignored="0" total="1" passed="1" failed="0" skipped="0">
  <reporter-output>
  </reporter-output>
  <suite started-at="2024-11-14T19:00:45 IST" name="Default suite" finished-at="2024-11-14T19:00:57 IST" duration-ms="11642">
    <groups>
    </groups>
    <test started-at="2024-11-14T19:00:45 IST" name="Default test" finished-at="2024-11-14T19:00:57 IST" duration-ms="11642">
      <class name="testcases.DashboardTest">
        <test-method is-config="true" signature="basesetup()[pri:0, instance:testcases.DashboardTest@534a5a98]" started-at="2024-11-14T19:00:45 IST" name="basesetup" finished-at="2024-11-14T19:00:48 IST" duration-ms="2828" status="PASS">
          <reporter-output>
          </reporter-output>
        </test-method> <!-- basesetup -->
        <test-method signature="addcontactperson()[pri:0, instance:testcases.DashboardTest@534a5a98]" started-at="2024-11-14T19:00:48 IST" name="addcontactperson" finished-at="2024-11-14T19:00:57 IST" duration-ms="8723" status="PASS">
          <reporter-output>
          </reporter-output>
        </test-method> <!-- addcontactperson -->
      </class> <!-- testcases.DashboardTest -->
    </test> <!-- Default test -->
  </suite> <!-- Default suite -->
</testng-results>
