<?xml version="1.0" encoding="UTF-8"?>
<testng-results ignored="0" total="1" passed="1" failed="0" skipped="0">
  <reporter-output>
  </reporter-output>
  <suite started-at="2024-11-22T22:25:12 IST" name="Default suite" finished-at="2024-11-22T22:25:37 IST" duration-ms="24627">
    <groups>
    </groups>
    <test started-at="2024-11-22T22:25:12 IST" name="Default test" finished-at="2024-11-22T22:25:37 IST" duration-ms="24627">
      <class name="testcases.VisitLogsTest">
        <test-method is-config="true" signature="basesetup()[pri:0, instance:testcases.VisitLogsTest@6cf0e0ba]" started-at="2024-11-22T22:25:13 IST" name="basesetup" finished-at="2024-11-22T22:25:23 IST" duration-ms="10540" status="PASS">
          <reporter-output>
          </reporter-output>
        </test-method> <!-- basesetup -->
        <test-method signature="setinstitutionsubmit()[pri:0, instance:testcases.VisitLogsTest@6cf0e0ba]" started-at="2024-11-22T22:25:23 IST" name="setinstitutionsubmit" finished-at="2024-11-22T22:25:37 IST" duration-ms="13490" status="PASS">
          <reporter-output>
          </reporter-output>
        </test-method> <!-- setinstitutionsubmit -->
        <test-method is-config="true" signature="TearDown()[pri:0, instance:testcases.VisitLogsTest@6cf0e0ba]" started-at="2024-11-22T22:25:37 IST" name="TearDown" finished-at="2024-11-22T22:25:37 IST" duration-ms="516" status="PASS">
          <reporter-output>
          </reporter-output>
        </test-method> <!-- TearDown -->
      </class> <!-- testcases.VisitLogsTest -->
    </test> <!-- Default test -->
  </suite> <!-- Default suite -->
</testng-results>
